app/build/intermediates/manifest_merge_blame_file/debug/manifest-merger-blame-debug-report.txt
1<?xml version="1.0" encoding="utf-8"?>
2<manifest xmlns:android="http://schemas.android.com/apk/res/android"
3    package="cn.example.helloworld"
4    android:versionCode="1"
5    android:versionName="1.0" >
6
7    <uses-sdk
7-->src\main\AndroidManifest.xml:7:5-47
8        android:minSdkVersion="8"
8-->src\main\AndroidManifest.xml:7:5-47
9        android:targetSdkVersion="17" />
9-->src\main\AndroidManifest.xml:7:15-44
10
11    <application
11-->src\main\AndroidManifest.xml:9:5-45:19
12        android:allowBackup="true"
12-->src\main\AndroidManifest.xml:10:9-35
13        android:debuggable="true"
14        android:icon="@drawable/new_launcher"
14-->src\main\AndroidManifest.xml:11:9-46
15        android:label="@string/app_name"
15-->src\main\AndroidManifest.xml:12:9-41
16        android:testOnly="true"
17        android:theme="@style/AppTheme" >
17-->src\main\AndroidManifest.xml:13:9-40
18        <activity
18-->src\main\AndroidManifest.xml:15:9-23:20
19            android:name="activitys.MainActivity"
19-->src\main\AndroidManifest.xml:16:13-50
20            android:label="@string/app_name"
20-->src\main\AndroidManifest.xml:18:13-45
21            android:launchMode="singleTask" >
21-->src\main\AndroidManifest.xml:17:13-44
22            <intent-filter>
22-->src\main\AndroidManifest.xml:19:13-22:29
23                <action android:name="android.intent.action.MAIN" />
23-->src\main\AndroidManifest.xml:20:17-69
23-->src\main\AndroidManifest.xml:20:25-66
24
25                <category android:name="android.intent.category.LAUNCHER" />
25-->src\main\AndroidManifest.xml:21:17-77
25-->src\main\AndroidManifest.xml:21:27-74
26            </intent-filter>
27        </activity>
28        <activity
28-->src\main\AndroidManifest.xml:25:9-28:20
29            android:name="activitys.GameActivity"
29-->src\main\AndroidManifest.xml:25:19-56
30            android:label="@string/app_name"
30-->src\main\AndroidManifest.xml:27:13-45
31            android:launchMode="singleTask" >
31-->src\main\AndroidManifest.xml:26:13-44
32        </activity>
33        <activity
33-->src\main\AndroidManifest.xml:30:9-33:20
34            android:name="activitys.SetActivity"
34-->src\main\AndroidManifest.xml:30:19-55
35            android:label="@string/app_name"
35-->src\main\AndroidManifest.xml:32:13-45
36            android:launchMode="singleTask" >
36-->src\main\AndroidManifest.xml:31:13-44
37        </activity>
38        <activity
38-->src\main\AndroidManifest.xml:35:9-38:20
39            android:name="activitys.IntroActivity"
39-->src\main\AndroidManifest.xml:35:19-57
40            android:label="@string/app_name"
40-->src\main\AndroidManifest.xml:37:13-45
41            android:launchMode="singleTask" >
41-->src\main\AndroidManifest.xml:36:13-44
42        </activity>
43        <activity
43-->src\main\AndroidManifest.xml:40:9-43:20
44            android:name="activitys.InfActivity"
44-->src\main\AndroidManifest.xml:40:19-55
45            android:label="@string/app_name"
45-->src\main\AndroidManifest.xml:42:13-45
46            android:launchMode="singleTask" >
46-->src\main\AndroidManifest.xml:41:13-44
47        </activity>
48    </application>
49
50</manifest>